生成启动时间为 2017/4/19 23:58:19。
     1>项目“D:\workplan\02 project\jiang-hospital\qt\iLiveSDK_PC_Demos\suixinbo\sample\suixinbo_Qt\suixinbo_Qt.vcxproj”在节点 2 上(build 个目标)。
     1>InitializeBuildStatus:
         正在创建“Debug\suixinbo_Qt.unsuccessfulbuild”，因为已指定“AlwaysCreate”。
       CustomBuild:
         所有输出均为最新。
       ClCompile:
         所有输出均为最新。
         d:\Program Files (x86)\Microsoft Visual Studio 10.0\VC\bin\CL.exe /c /I"D:\workplan\02 project\jiang-hospital\qt\iLiveSDK_PC_Demos\suixinbo\sample\..\include" /I.\GeneratedFiles /I. /ID:\Qt\Qt5.0.0\5.0.0\msvc2010\include /I.\GeneratedFiles\Debug /ID:\Qt\Qt5.0.0\5.0.0\msvc2010\include\QtCore /ID:\Qt\Qt5.0.0\5.0.0\msvc2010\include\QtGui /ID:\Qt\Qt5.0.0\5.0.0\msvc2010\include\QtWidgets /Zi /nologo /W1 /WX- /Od /Oy- /D UNICODE /D WIN32 /D QT_DLL /D QT_CORE_LIB /D QT_GUI_LIB /D QT_WIDGETS_LIB /Gm- /EHsc /MDd /GS /fp:precise /Zc:wchar_t /Zc:forScope /Yu"StdAfx.h" /Fp"Debug\suixinbo_Qt.pch" /Fo"Debug\\" /Fd"Debug\vc100.pdb" /Gd /TP /analyze- /errorReport:prompt MainWindow.cpp
         MainWindow.cpp
         所有输出均为最新。
       ResourceCompile:
         所有输出均为最新。
       Link:
         d:\Program Files (x86)\Microsoft Visual Studio 10.0\VC\bin\link.exe /ERRORREPORT:PROMPT /OUT:"D:\workplan\02 project\jiang-hospital\qt\iLiveSDK_PC_Demos\suixinbo\sample\bin\Debug\\suixinbo_Qt.exe" /NOLOGO /LIBPATH:"D:\workplan\02 project\jiang-hospital\qt\iLiveSDK_PC_Demos\suixinbo\sample\..\libs\Debug" /LIBPATH:D:\Qt\Qt5.0.0\5.0.0\msvc2010\lib qtmaind.lib Qt5Cored.lib Qt5Guid.lib Qt5Widgetsd.lib kernel32.lib user32.lib gdi32.lib winspool.lib comdlg32.lib advapi32.lib shell32.lib ole32.lib oleaut32.lib uuid.lib odbc32.lib odbccp32.lib /MANIFEST /ManifestFile:"Debug\suixinbo_Qt.exe.intermediate.manifest" /MANIFESTUAC:"level='asInvoker' uiAccess='false'" /DEBUG /PDB:"D:\workplan\02 project\jiang-hospital\qt\iLiveSDK_PC_Demos\suixinbo\sample\bin\Debug\suixinbo_Qt.pdb" /SUBSYSTEM:WINDOWS /TLBID:1 /DYNAMICBASE /NXCOMPAT /IMPLIB:"D:\workplan\02 project\jiang-hospital\qt\iLiveSDK_PC_Demos\suixinbo\sample\bin\Debug\suixinbo_Qt.lib" /MACHINE:X86 Debug\res.res
         Debug\Event.obj
         Debug\moc_Live.obj
         Debug\moc_MainWindow.obj
         Debug\moc_NetworkHelper.obj
         Debug\moc_Register.obj
         Debug\moc_RoomListItem.obj
         Debug\moc_VideoRender.obj
         Debug\qrc_res.obj
         Debug\iLiveSDKWrap.obj
         Debug\Live.obj
         Debug\main.obj
         Debug\MainWindow.obj
         Debug\MessageCallBack.obj
         Debug\NetworkHelper.obj
         Debug\PicDownHelper.obj
         Debug\Register.obj
         Debug\RoomListItem.obj
         Debug\stdafx.obj
         Debug\SxbServerHelper.obj
         Debug\Util.obj
         Debug\VideoRender.obj
         suixinbo_Qt.vcxproj -> D:\workplan\02 project\jiang-hospital\qt\iLiveSDK_PC_Demos\suixinbo\sample\bin\Debug\suixinbo_Qt.exe
       Manifest:
         C:\Program Files (x86)\Microsoft SDKs\Windows\v7.0A\bin\mt.exe /nologo /verbose /out:"D:\workplan\02 project\jiang-hospital\qt\iLiveSDK_PC_Demos\suixinbo\sample\bin\Debug\suixinbo_Qt.exe.manifest" /manifest Debug\suixinbo_Qt.exe.intermediate.manifest
       FinalizeBuildStatus:
         正在删除文件“Debug\suixinbo_Qt.unsuccessfulbuild”。
         正在对“Debug\suixinbo_Qt.lastbuildstate”执行 Touch 任务。
     1>已完成生成项目“D:\workplan\02 project\jiang-hospital\qt\iLiveSDK_PC_Demos\suixinbo\sample\suixinbo_Qt\suixinbo_Qt.vcxproj”(build 个目标)的操作。

生成成功。

已用时间 00:00:00.48
